<component name="libraryTable">
  <library name="junit4-core-1.0.6">
    <CLASSES>
      <root url="jar://$PROJECT_DIR$/lib/junit4-core-1.0.6.jar!/" />
    </CLASSES>
    <JAVADOC />
    <SOURCES />
  </library>
</component>